2022-08-15 09:43:38 INFO  LoginPageTest:27 - ******** Starting test cases execution  *********
  2022-08-15 09:43:40 INFO  BaseClass:48 - Lunching Chrome Browser....
  2022-08-15 09:45:53 INFO  LoginPageTest:27 - ******** Starting test cases execution  *********
  2022-08-15 09:45:55 INFO  BaseClass:48 - Lunching Chrome Browser....
  2022-08-15 09:47:31 INFO  LoginPageTest:27 - ******** Starting test cases execution  *********
  2022-08-15 09:47:33 INFO  BaseClass:49 - Lunching Chrome Browser....
  2022-08-15 09:48:01 INFO  LoginPageTest:27 - ******** Starting test cases execution  *********
  2022-08-15 09:48:03 INFO  BaseClass:49 - Lunching Chrome Browser....
  2022-08-15 09:51:05 INFO  LoginPageTest:27 - ******** Starting test cases execution  *********
  2022-08-15 09:51:07 INFO  BaseClass:49 - Lunching Chrome Browser....
  2022-08-15 09:54:29 INFO  LoginPageTest:27 - ******** Starting test cases execution  *********
  2022-08-15 09:54:31 INFO  BaseClass:49 - Lunching Chrome Browser....
  2022-08-15 09:58:39 INFO  LoginPageTest:27 - ******** Starting test cases execution  *********
  2022-08-15 09:58:41 INFO  BaseClass:49 - Lunching Chrome Browser....
  2022-08-15 09:59:34 INFO  LoginPageTest:27 - ******** Starting test cases execution  *********
  2022-08-15 09:59:36 INFO  BaseClass:49 - Lunching Chrome Browser....
  2022-08-15 09:59:36 INFO  BaseClass:65 - Maximizing Browser....
  2022-08-15 09:59:39 INFO  BaseClass:70 - Opening Application URL....
  2022-08-15 09:59:39 INFO  LoginPageTest:62 - browser is closed
  2022-08-15 09:59:49 INFO  LoginPageTest:27 - ******** Starting test cases execution  *********
  2022-08-15 09:59:51 INFO  BaseClass:49 - Lunching Chrome Browser....
  2022-08-15 09:59:51 INFO  BaseClass:65 - Maximizing Browser....
  2022-08-15 09:59:54 INFO  BaseClass:70 - Opening Application URL....
  2022-08-15 09:59:59 INFO  LoginPageTest:56 - login successful with username: ajaylad112211@gmail.com
  2022-08-15 10:00:00 INFO  LoginPageTest:62 - browser is closed
  2022-08-15 10:00:00 INFO  LoginPageTest:27 - ******** Starting test cases execution  *********
  2022-08-15 10:00:01 INFO  BaseClass:49 - Lunching Chrome Browser....
  2022-08-15 10:00:01 INFO  BaseClass:65 - Maximizing Browser....
  2022-08-15 10:00:06 INFO  BaseClass:70 - Opening Application URL....
  2022-08-15 10:00:10 INFO  LoginPageTest:56 - login successful with username: ajaylad@gmail.com
  2022-08-15 10:00:12 INFO  LoginPageTest:62 - browser is closed
  2022-08-15 10:00:12 INFO  LoginPageTest:27 - ******** Starting test cases execution  *********
  2022-08-15 10:00:13 INFO  BaseClass:49 - Lunching Chrome Browser....
  2022-08-15 10:00:13 INFO  BaseClass:65 - Maximizing Browser....
  2022-08-15 10:00:17 INFO  BaseClass:70 - Opening Application URL....
  2022-08-15 10:00:21 INFO  LoginPageTest:56 - login successful with username: ajay@1451gmail.com
  2022-08-15 10:00:21 INFO  LoginPageTest:62 - browser is closed
  2022-08-15 10:00:21 INFO  LoginPageTest:27 - ******** Starting test cases execution  *********
  2022-08-15 10:00:22 INFO  BaseClass:49 - Lunching Chrome Browser....
  2022-08-15 10:00:22 INFO  BaseClass:65 - Maximizing Browser....
  2022-08-15 10:00:26 INFO  BaseClass:70 - Opening Application URL....
  2022-08-15 10:00:26 INFO  LoginPageTest:62 - browser is closed
  2022-08-15 10:00:26 INFO  LoginPageTest:27 - ******** Starting test cases execution  *********
  2022-08-15 10:00:27 INFO  BaseClass:49 - Lunching Chrome Browser....
  2022-08-15 10:00:27 INFO  BaseClass:65 - Maximizing Browser....
  2022-08-15 10:00:34 INFO  BaseClass:70 - Opening Application URL....
  2022-08-15 10:00:35 INFO  LoginPageTest:43 - login successful with username and Password
  2022-08-15 10:00:35 INFO  LoginPageTest:62 - browser is closed
  2022-08-15 10:12:50 INFO  HomePageTest:25 - ****** Starting test cases execution  *******
  2022-08-15 10:12:52 INFO  BaseClass:49 - Lunching Chrome Browser....
  2022-08-15 10:12:52 INFO  BaseClass:65 - Maximizing Browser....
  2022-08-15 10:12:56 INFO  BaseClass:70 - Opening Application URL....
  2022-08-15 10:12:57 INFO  HomePageTest:29 - ************Login the Application**********************
  2022-08-15 10:12:57 INFO  HomePageTest:30 - Open Home Page
  2022-08-15 10:12:57 INFO  HomePageTest:35 - ****** starting test case ******
  2022-08-15 10:12:57 INFO  HomePageTest:36 - ******* HomePageTitleTest ******
  2022-08-15 10:12:57 INFO  HomePageTest:37 - Opening Home Page
  2022-08-15 10:12:59 INFO  HomePageTest:41 - Title Verified Successfully.....
  2022-08-15 10:12:59 INFO  HomePageTest:42 - ****** ending test case ******
  2022-08-15 10:13:00 INFO  HomePageTest:57 - browser is closed
  2022-08-15 10:13:26 INFO  HomePageTest:25 - ****** Starting test cases execution  *******
  2022-08-15 10:13:28 INFO  BaseClass:49 - Lunching Chrome Browser....
  2022-08-15 10:13:28 INFO  BaseClass:65 - Maximizing Browser....
  2022-08-15 10:13:30 INFO  BaseClass:70 - Opening Application URL....
  2022-08-15 10:13:31 INFO  HomePageTest:29 - ************Login the Application**********************
  2022-08-15 10:13:31 INFO  HomePageTest:30 - Open Home Page
  2022-08-15 10:13:31 INFO  HomePageTest:35 - ****** starting test case ******
  2022-08-15 10:13:31 INFO  HomePageTest:36 - ******* HomePageTitleTest ******
  2022-08-15 10:13:31 INFO  HomePageTest:37 - Opening Home Page
  2022-08-15 10:13:33 INFO  HomePageTest:41 - Title Verified Successfully.....
  2022-08-15 10:13:33 INFO  HomePageTest:42 - ****** ending test case ******
  2022-08-15 10:13:33 INFO  HomePageTest:57 - browser is closed
  2022-08-15 10:13:33 INFO  HomePageTest:25 - ****** Starting test cases execution  *******
  2022-08-15 10:13:34 INFO  BaseClass:49 - Lunching Chrome Browser....
  2022-08-15 10:13:34 INFO  BaseClass:65 - Maximizing Browser....
  2022-08-15 10:13:37 INFO  BaseClass:70 - Opening Application URL....
  2022-08-15 10:13:38 INFO  HomePageTest:29 - ************Login the Application**********************
  2022-08-15 10:13:38 INFO  HomePageTest:30 - Open Home Page
  2022-08-15 10:13:38 INFO  HomePageTest:47 - ****** starting test case ******
  2022-08-15 10:13:38 INFO  HomePageTest:48 - ******* verifyUserNameTest ******
  2022-08-15 10:13:38 INFO  HomePageTest:50 - UserName Verified Successfully.....
  2022-08-15 10:13:38 INFO  HomePageTest:51 - ****** ending test case ******
  2022-08-15 10:13:38 INFO  HomePageTest:57 - browser is closed
  2022-08-15 10:13:56 INFO  BaseClass:24 - ******** Starting test cases execution  *********
  2022-08-15 10:13:58 INFO  BaseClass:49 - Lunching Chrome Browser....
  2022-08-15 10:13:58 INFO  BaseClass:65 - Maximizing Browser....
  2022-08-15 10:14:00 INFO  BaseClass:70 - Opening Application URL....
  2022-08-15 10:14:00 INFO  BaseClass:24 - ******** Starting test cases execution  *********
  2022-08-15 10:14:01 INFO  BaseClass:49 - Lunching Chrome Browser....
  2022-08-15 10:14:01 INFO  BaseClass:65 - Maximizing Browser....
  2022-08-15 10:14:03 INFO  BaseClass:70 - Opening Application URL....
  2022-08-15 10:14:29 INFO  BaseClass:24 - ******** Starting test cases execution  *********
  2022-08-15 10:14:31 INFO  BaseClass:49 - Lunching Chrome Browser....
  2022-08-15 10:14:31 INFO  BaseClass:65 - Maximizing Browser....
  2022-08-15 10:14:38 INFO  BaseClass:70 - Opening Application URL....
  2022-08-15 10:14:38 INFO  BaseClass:44 - browser is closed
  2022-08-15 10:14:38 INFO  BaseClass:24 - ******** Starting test cases execution  *********
  2022-08-15 10:14:39 INFO  BaseClass:49 - Lunching Chrome Browser....
  2022-08-15 10:14:39 INFO  BaseClass:65 - Maximizing Browser....
  2022-08-15 10:14:41 INFO  BaseClass:70 - Opening Application URL....
  2022-08-15 10:14:42 INFO  BaseClass:44 - browser is closed
  2022-08-15 10:14:50 INFO  BaseClass:49 - Lunching Chrome Browser....
  2022-08-15 10:14:50 INFO  BaseClass:65 - Maximizing Browser....
  2022-08-15 10:14:53 INFO  BaseClass:70 - Opening Application URL....
  2022-08-15 10:15:16 INFO  BaseClass:49 - Lunching Chrome Browser....
  2022-08-15 10:15:16 INFO  BaseClass:65 - Maximizing Browser....
  2022-08-15 10:15:20 INFO  BaseClass:70 - Opening Application URL....
  2022-08-15 10:17:10 INFO  HomePageTest:25 - ****** Starting test cases execution  *******
  2022-08-15 10:17:12 INFO  BaseClass:49 - Lunching Chrome Browser....
  2022-08-15 10:17:12 INFO  BaseClass:65 - Maximizing Browser....
  2022-08-15 10:17:16 INFO  BaseClass:70 - Opening Application URL....
  2022-08-15 10:17:17 INFO  HomePageTest:29 - ************Login the Application**********************
  2022-08-15 10:17:17 INFO  HomePageTest:30 - Open Home Page
  2022-08-15 10:17:17 INFO  HomePageTest:35 - ****** starting test case ******
  2022-08-15 10:17:17 INFO  HomePageTest:36 - ******* HomePageTitleTest ******
  2022-08-15 10:17:17 INFO  HomePageTest:37 - Opening Home Page
  2022-08-15 10:17:19 INFO  HomePageTest:41 - Title Verified Successfully.....
  2022-08-15 10:17:19 INFO  HomePageTest:42 - ****** ending test case ******
  2022-08-15 10:17:19 INFO  HomePageTest:57 - browser is closed
  2022-08-15 10:17:19 INFO  HomePageTest:25 - ****** Starting test cases execution  *******
  2022-08-15 10:17:20 INFO  BaseClass:49 - Lunching Chrome Browser....
  2022-08-15 10:17:20 INFO  BaseClass:65 - Maximizing Browser....
  2022-08-15 10:17:23 INFO  BaseClass:70 - Opening Application URL....
  2022-08-15 10:17:24 INFO  HomePageTest:29 - ************Login the Application**********************
  2022-08-15 10:17:24 INFO  HomePageTest:30 - Open Home Page
  2022-08-15 10:17:24 INFO  HomePageTest:47 - ****** starting test case ******
  2022-08-15 10:17:24 INFO  HomePageTest:48 - ******* verifyUserNameTest ******
  2022-08-15 10:17:24 INFO  HomePageTest:50 - UserName Verified Successfully.....
  2022-08-15 10:17:24 INFO  HomePageTest:51 - ****** ending test case ******
  2022-08-15 10:17:25 INFO  HomePageTest:57 - browser is closed
  2022-08-15 10:17:25 INFO  BaseClass:49 - Lunching Chrome Browser....
  2022-08-15 10:17:25 INFO  BaseClass:65 - Maximizing Browser....
  2022-08-15 10:17:28 INFO  BaseClass:70 - Opening Application URL....
  2022-08-15 10:17:33 INFO  BaseClass:24 - ******** Starting test cases execution  *********
  2022-08-15 10:17:33 INFO  BaseClass:49 - Lunching Chrome Browser....
  2022-08-15 10:17:33 INFO  BaseClass:65 - Maximizing Browser....
  2022-08-15 10:17:38 INFO  BaseClass:70 - Opening Application URL....
  2022-08-15 10:17:38 INFO  BaseClass:24 - ******** Starting test cases execution  *********
  2022-08-15 10:17:38 INFO  BaseClass:49 - Lunching Chrome Browser....
  2022-08-15 10:17:38 INFO  BaseClass:65 - Maximizing Browser....
  2022-08-15 10:17:41 INFO  BaseClass:70 - Opening Application URL....
  2022-08-15 10:17:43 INFO  LoginPageTest:27 - ******** Starting test cases execution  *********
  2022-08-15 10:17:44 INFO  BaseClass:49 - Lunching Chrome Browser....
  2022-08-15 10:17:44 INFO  BaseClass:65 - Maximizing Browser....
  2022-08-15 10:18:06 INFO  BaseClass:24 - ******** Starting test cases execution  *********
  2022-08-15 10:18:07 INFO  BaseClass:49 - Lunching Chrome Browser....
  2022-08-15 10:18:07 INFO  BaseClass:65 - Maximizing Browser....
  2022-08-15 10:18:20 INFO  BaseClass:70 - Opening Application URL....
  2022-08-15 10:18:20 INFO  BaseClass:44 - browser is closed
  2022-08-15 10:18:20 INFO  BaseClass:24 - ******** Starting test cases execution  *********
  2022-08-15 10:18:21 INFO  BaseClass:49 - Lunching Chrome Browser....
  2022-08-15 10:18:21 INFO  BaseClass:65 - Maximizing Browser....
  2022-08-15 10:18:35 INFO  BaseClass:70 - Opening Application URL....
  2022-08-15 10:18:36 INFO  BaseClass:44 - browser is closed
  2022-08-16 15:28:51 INFO  HomePageTest:25 - ****** Starting test cases execution  *******
  2022-08-16 15:28:54 INFO  BaseClass:49 - Lunching Chrome Browser....
  2022-08-16 15:28:54 INFO  BaseClass:65 - Maximizing Browser....
  2022-08-16 15:28:56 INFO  BaseClass:70 - Opening Application URL....
  2022-08-16 15:28:58 INFO  HomePageTest:29 - ************Login the Application**********************
  2022-08-16 15:28:58 INFO  HomePageTest:30 - Open Home Page
  2022-08-16 15:28:58 INFO  HomePageTest:35 - ****** starting test case ******
  2022-08-16 15:28:58 INFO  HomePageTest:36 - ******* HomePageTitleTest ******
  2022-08-16 15:28:58 INFO  HomePageTest:37 - Opening Home Page
  2022-08-16 15:29:00 INFO  HomePageTest:41 - Title Verified Successfully.....
  2022-08-16 15:29:00 INFO  HomePageTest:42 - ****** ending test case ******
  2022-08-16 15:29:00 INFO  HomePageTest:57 - browser is closed
  2022-08-16 15:29:00 INFO  HomePageTest:25 - ****** Starting test cases execution  *******
  2022-08-16 15:29:01 INFO  BaseClass:49 - Lunching Chrome Browser....
  2022-08-16 15:29:01 INFO  BaseClass:65 - Maximizing Browser....
  2022-08-16 15:29:03 INFO  BaseClass:70 - Opening Application URL....
  2022-08-16 15:29:04 INFO  HomePageTest:29 - ************Login the Application**********************
  2022-08-16 15:29:04 INFO  HomePageTest:30 - Open Home Page
  2022-08-16 15:29:04 INFO  HomePageTest:47 - ****** starting test case ******
  2022-08-16 15:29:04 INFO  HomePageTest:48 - ******* verifyUserNameTest ******
  2022-08-16 15:29:04 INFO  HomePageTest:50 - UserName Verified Successfully.....
  2022-08-16 15:29:04 INFO  HomePageTest:51 - ****** ending test case ******
  2022-08-16 15:29:05 INFO  HomePageTest:57 - browser is closed
  2022-08-16 15:29:06 INFO  BaseClass:49 - Lunching Chrome Browser....
  2022-08-16 15:29:06 INFO  BaseClass:65 - Maximizing Browser....
  2022-08-16 15:29:09 INFO  BaseClass:70 - Opening Application URL....
  2022-08-16 15:29:13 INFO  BaseClass:24 - ******** Starting test cases execution  *********
  2022-08-16 15:29:14 INFO  BaseClass:49 - Lunching Chrome Browser....
  2022-08-16 15:29:14 INFO  BaseClass:65 - Maximizing Browser....
  2022-08-16 15:29:16 INFO  BaseClass:70 - Opening Application URL....
  2022-08-16 15:29:16 INFO  BaseClass:24 - ******** Starting test cases execution  *********
  2022-08-16 15:29:17 INFO  BaseClass:49 - Lunching Chrome Browser....
  2022-08-16 15:29:17 INFO  BaseClass:65 - Maximizing Browser....
  2022-08-16 15:29:20 INFO  BaseClass:70 - Opening Application URL....
  2022-08-16 15:29:24 INFO  LoginPageTest:27 - ******** Starting test cases execution  *********
  2022-08-16 15:29:25 INFO  BaseClass:49 - Lunching Chrome Browser....
  2022-08-16 15:29:25 INFO  BaseClass:65 - Maximizing Browser....
  2022-08-16 15:29:45 INFO  BaseClass:24 - ******** Starting test cases execution  *********
  2022-08-16 15:29:46 INFO  BaseClass:49 - Lunching Chrome Browser....
  2022-08-16 15:29:46 INFO  BaseClass:65 - Maximizing Browser....
  2022-08-16 15:30:04 INFO  BaseClass:70 - Opening Application URL....
  2022-08-16 15:30:04 INFO  BaseClass:44 - browser is closed
  2022-08-16 15:30:04 INFO  BaseClass:24 - ******** Starting test cases execution  *********
  2022-08-16 15:30:05 INFO  BaseClass:49 - Lunching Chrome Browser....
  2022-08-16 15:30:05 INFO  BaseClass:65 - Maximizing Browser....
  2022-08-16 15:30:10 INFO  BaseClass:70 - Opening Application URL....
  2022-08-16 15:30:11 INFO  BaseClass:44 - browser is closed
  2022-08-17 08:48:22 INFO  LoginPageTest:27 - ******** Starting test cases execution  *********
  2022-08-17 08:48:25 INFO  BaseClass:49 - Lunching Chrome Browser....
  2022-08-17 08:48:25 INFO  BaseClass:65 - Maximizing Browser....
  2022-08-17 08:48:30 INFO  BaseClass:70 - Opening Application URL....
  2022-08-17 08:48:35 INFO  LoginPageTest:56 - login successful with username: ajaylad112211@gmail.com
  2022-08-17 08:48:35 INFO  LoginPageTest:62 - browser is closed
  2022-08-17 08:48:35 INFO  LoginPageTest:27 - ******** Starting test cases execution  *********
  2022-08-17 08:48:36 INFO  BaseClass:49 - Lunching Chrome Browser....
  2022-08-17 08:48:36 INFO  BaseClass:65 - Maximizing Browser....
  2022-08-17 08:48:39 INFO  BaseClass:70 - Opening Application URL....
  2022-08-17 08:48:44 INFO  LoginPageTest:56 - login successful with username: ajaylad@gmail.com
  2022-08-17 08:48:45 INFO  LoginPageTest:62 - browser is closed
  2022-08-17 08:48:45 INFO  LoginPageTest:27 - ******** Starting test cases execution  *********
  2022-08-17 08:48:46 INFO  BaseClass:49 - Lunching Chrome Browser....
  2022-08-17 08:48:46 INFO  BaseClass:65 - Maximizing Browser....
  2022-08-17 08:48:49 INFO  BaseClass:70 - Opening Application URL....
  2022-08-17 08:48:53 INFO  LoginPageTest:56 - login successful with username: ajay@1451gmail.com
  2022-08-17 08:48:53 INFO  LoginPageTest:62 - browser is closed
  2022-08-17 08:48:53 INFO  LoginPageTest:27 - ******** Starting test cases execution  *********
  2022-08-17 08:48:54 INFO  BaseClass:49 - Lunching Chrome Browser....
  2022-08-17 08:48:54 INFO  BaseClass:65 - Maximizing Browser....
  2022-08-17 08:48:59 INFO  BaseClass:70 - Opening Application URL....
  2022-08-17 08:49:00 INFO  LoginPageTest:62 - browser is closed
  2022-08-17 08:49:00 INFO  LoginPageTest:27 - ******** Starting test cases execution  *********
  2022-08-17 08:49:01 INFO  BaseClass:49 - Lunching Chrome Browser....
  2022-08-17 08:49:01 INFO  BaseClass:65 - Maximizing Browser....
  2022-08-17 08:49:05 INFO  BaseClass:70 - Opening Application URL....
  2022-08-17 08:49:07 INFO  LoginPageTest:43 - login successful with username and Password
  2022-08-17 08:49:07 INFO  LoginPageTest:62 - browser is closed
  2022-08-17 08:50:13 INFO  LoginPageTest:27 - ******** Starting test cases execution  *********
  2022-08-17 08:50:15 INFO  BaseClass:49 - Lunching Chrome Browser....
  2022-08-17 08:50:15 INFO  BaseClass:65 - Maximizing Browser....
  2022-08-17 08:50:18 INFO  BaseClass:70 - Opening Application URL....
  2022-08-17 08:50:18 INFO  LoginPageTest:62 - browser is closed
  2022-08-17 08:50:56 INFO  LoginPageTest:27 - ******** Starting test cases execution  *********
  2022-08-17 08:50:58 INFO  BaseClass:49 - Lunching Chrome Browser....
  2022-08-17 08:50:58 INFO  BaseClass:65 - Maximizing Browser....
  2022-08-17 08:51:02 INFO  BaseClass:70 - Opening Application URL....
  2022-08-17 08:51:04 INFO  LoginPageTest:43 - login successful with username and Password
  2022-08-17 08:51:04 INFO  LoginPageTest:62 - browser is closed
  2022-08-17 08:51:15 INFO  LoginPageTest:27 - ******** Starting test cases execution  *********
  2022-08-17 08:51:17 INFO  BaseClass:49 - Lunching Chrome Browser....
  2022-08-17 08:51:17 INFO  BaseClass:65 - Maximizing Browser....
  2022-08-17 08:51:21 INFO  BaseClass:70 - Opening Application URL....
  2022-08-17 08:51:25 INFO  LoginPageTest:56 - login successful with username: ajaylad112211@gmail.com
  2022-08-17 08:51:26 INFO  LoginPageTest:62 - browser is closed
  2022-08-17 08:51:26 INFO  LoginPageTest:27 - ******** Starting test cases execution  *********
  2022-08-17 08:51:27 INFO  BaseClass:49 - Lunching Chrome Browser....
  2022-08-17 08:51:27 INFO  BaseClass:65 - Maximizing Browser....
  2022-08-17 08:51:30 INFO  BaseClass:70 - Opening Application URL....
  2022-08-17 08:51:34 INFO  LoginPageTest:56 - login successful with username: ajaylad@gmail.com
  2022-08-17 08:51:35 INFO  LoginPageTest:62 - browser is closed
  2022-08-17 08:51:35 INFO  LoginPageTest:27 - ******** Starting test cases execution  *********
  2022-08-17 08:51:36 INFO  BaseClass:49 - Lunching Chrome Browser....
  2022-08-17 08:51:36 INFO  BaseClass:65 - Maximizing Browser....
  2022-08-17 08:51:39 INFO  BaseClass:70 - Opening Application URL....
  2022-08-17 08:51:43 INFO  LoginPageTest:56 - login successful with username: ajay@1451gmail.com
  2022-08-17 08:51:44 INFO  LoginPageTest:62 - browser is closed
  2022-08-17 08:51:44 INFO  LoginPageTest:27 - ******** Starting test cases execution  *********
  2022-08-17 08:51:45 INFO  BaseClass:49 - Lunching Chrome Browser....
  2022-08-17 08:51:45 INFO  BaseClass:65 - Maximizing Browser....
  2022-08-17 08:51:48 INFO  BaseClass:70 - Opening Application URL....
  2022-08-17 08:51:49 INFO  LoginPageTest:62 - browser is closed
  2022-08-17 08:51:49 INFO  LoginPageTest:27 - ******** Starting test cases execution  *********
  2022-08-17 08:51:50 INFO  BaseClass:49 - Lunching Chrome Browser....
  2022-08-17 08:51:50 INFO  BaseClass:65 - Maximizing Browser....
  2022-08-17 08:51:53 INFO  BaseClass:70 - Opening Application URL....
  2022-08-17 08:51:54 INFO  LoginPageTest:43 - login successful with username and Password
  2022-08-17 08:51:54 INFO  LoginPageTest:62 - browser is closed
  2022-08-17 08:52:23 INFO  HomePageTest:25 - ****** Starting test cases execution  *******
  2022-08-17 08:52:25 INFO  BaseClass:49 - Lunching Chrome Browser....
  2022-08-17 08:52:25 INFO  BaseClass:65 - Maximizing Browser....
  2022-08-17 08:52:30 INFO  BaseClass:70 - Opening Application URL....
  2022-08-17 08:52:31 INFO  HomePageTest:29 - ************Login the Application**********************
  2022-08-17 08:52:31 INFO  HomePageTest:30 - Open Home Page
  2022-08-17 08:52:31 INFO  HomePageTest:35 - ****** starting test case ******
  2022-08-17 08:52:31 INFO  HomePageTest:36 - ******* HomePageTitleTest ******
  2022-08-17 08:52:31 INFO  HomePageTest:37 - Opening Home Page
  2022-08-17 08:52:33 INFO  HomePageTest:41 - Title Verified Successfully.....
  2022-08-17 08:52:33 INFO  HomePageTest:42 - ****** ending test case ******
  2022-08-17 08:52:34 INFO  HomePageTest:57 - browser is closed
  2022-08-17 08:52:34 INFO  HomePageTest:25 - ****** Starting test cases execution  *******
  2022-08-17 08:52:35 INFO  BaseClass:49 - Lunching Chrome Browser....
  2022-08-17 08:52:35 INFO  BaseClass:65 - Maximizing Browser....
  2022-08-17 08:52:38 INFO  BaseClass:70 - Opening Application URL....
  2022-08-17 08:52:40 INFO  HomePageTest:29 - ************Login the Application**********************
  2022-08-17 08:52:40 INFO  HomePageTest:30 - Open Home Page
  2022-08-17 08:52:40 INFO  HomePageTest:47 - ****** starting test case ******
  2022-08-17 08:52:40 INFO  HomePageTest:48 - ******* verifyUserNameTest ******
  2022-08-17 08:52:40 INFO  HomePageTest:50 - UserName Verified Successfully.....
  2022-08-17 08:52:40 INFO  HomePageTest:51 - ****** ending test case ******
  2022-08-17 08:52:40 INFO  HomePageTest:57 - browser is closed
  2022-08-17 08:52:41 INFO  BaseClass:49 - Lunching Chrome Browser....
  2022-08-17 08:52:41 INFO  BaseClass:65 - Maximizing Browser....
  2022-08-17 08:52:46 INFO  BaseClass:70 - Opening Application URL....
  2022-08-17 08:52:51 INFO  BaseClass:24 - ******** Starting test cases execution  *********
  2022-08-17 08:52:52 INFO  BaseClass:49 - Lunching Chrome Browser....
  2022-08-17 08:52:52 INFO  BaseClass:65 - Maximizing Browser....
  2022-08-17 08:52:56 INFO  BaseClass:70 - Opening Application URL....
  2022-08-17 08:52:56 INFO  BaseClass:24 - ******** Starting test cases execution  *********
  2022-08-17 08:52:57 INFO  BaseClass:49 - Lunching Chrome Browser....
  2022-08-17 08:52:57 INFO  BaseClass:65 - Maximizing Browser....
  2022-08-17 08:53:00 INFO  BaseClass:70 - Opening Application URL....
  2022-08-17 08:53:05 INFO  LoginPageTest:27 - ******** Starting test cases execution  *********
  2022-08-17 08:53:06 INFO  BaseClass:49 - Lunching Chrome Browser....
  2022-08-17 08:53:06 INFO  BaseClass:65 - Maximizing Browser....
  2022-08-17 08:53:19 INFO  BaseClass:70 - Opening Application URL....
  2022-08-17 08:53:27 INFO  LoginPageTest:56 - login successful with username: ajaylad112211@gmail.com
  2022-08-17 08:53:28 INFO  LoginPageTest:62 - browser is closed
  2022-08-17 08:53:28 INFO  LoginPageTest:27 - ******** Starting test cases execution  *********
  2022-08-17 08:53:29 INFO  BaseClass:49 - Lunching Chrome Browser....
  2022-08-17 08:53:29 INFO  BaseClass:65 - Maximizing Browser....
  2022-08-17 08:53:37 INFO  BaseClass:70 - Opening Application URL....
  2022-08-17 08:53:43 INFO  LoginPageTest:56 - login successful with username: ajaylad@gmail.com
  2022-08-17 08:53:44 INFO  LoginPageTest:62 - browser is closed
  2022-08-17 08:53:44 INFO  LoginPageTest:27 - ******** Starting test cases execution  *********
  2022-08-17 08:53:45 INFO  BaseClass:49 - Lunching Chrome Browser....
  2022-08-17 08:53:45 INFO  BaseClass:65 - Maximizing Browser....
  2022-08-17 08:53:49 INFO  BaseClass:70 - Opening Application URL....
  2022-08-17 08:53:53 INFO  LoginPageTest:56 - login successful with username: ajay@1451gmail.com
  2022-08-17 08:53:54 INFO  LoginPageTest:62 - browser is closed
  2022-08-17 08:53:54 INFO  LoginPageTest:27 - ******** Starting test cases execution  *********
  2022-08-17 08:53:55 INFO  BaseClass:49 - Lunching Chrome Browser....
  2022-08-17 08:53:55 INFO  BaseClass:65 - Maximizing Browser....
  2022-08-17 08:53:58 INFO  BaseClass:70 - Opening Application URL....
  2022-08-17 08:53:58 INFO  LoginPageTest:62 - browser is closed
  2022-08-17 08:53:58 INFO  LoginPageTest:27 - ******** Starting test cases execution  *********
  2022-08-17 08:53:59 INFO  BaseClass:49 - Lunching Chrome Browser....
  2022-08-17 08:54:00 INFO  BaseClass:65 - Maximizing Browser....
  2022-08-17 08:54:04 INFO  BaseClass:70 - Opening Application URL....
  2022-08-17 08:54:05 INFO  LoginPageTest:43 - login successful with username and Password
  2022-08-17 08:54:06 INFO  LoginPageTest:62 - browser is closed
  2022-08-17 08:54:06 INFO  BaseClass:24 - ******** Starting test cases execution  *********
  2022-08-17 08:54:06 INFO  BaseClass:49 - Lunching Chrome Browser....
  2022-08-17 08:54:07 INFO  BaseClass:65 - Maximizing Browser....
  2022-08-17 08:54:09 INFO  BaseClass:70 - Opening Application URL....
  2022-08-17 08:54:10 INFO  BaseClass:44 - browser is closed
  2022-08-17 08:54:10 INFO  BaseClass:24 - ******** Starting test cases execution  *********
  2022-08-17 08:54:11 INFO  BaseClass:49 - Lunching Chrome Browser....
  2022-08-17 08:54:11 INFO  BaseClass:65 - Maximizing Browser....
  2022-08-17 08:54:13 INFO  BaseClass:70 - Opening Application URL....
  2022-08-17 08:54:15 INFO  BaseClass:44 - browser is closed
  2022-08-17 09:59:13 INFO  HomePageTest:25 - ****** Starting test cases execution  *******
  2022-08-17 09:59:14 INFO  BaseClass:49 - Lunching Chrome Browser....
  2022-08-17 09:59:15 INFO  BaseClass:65 - Maximizing Browser....
  2022-08-17 09:59:17 INFO  BaseClass:70 - Opening Application URL....
  2022-08-17 09:59:18 INFO  HomePageTest:29 - ************Login the Application**********************
  2022-08-17 09:59:18 INFO  HomePageTest:30 - Open Home Page
  2022-08-17 09:59:18 INFO  HomePageTest:35 - ****** starting test case ******
  2022-08-17 09:59:18 INFO  HomePageTest:36 - ******* HomePageTitleTest ******
  2022-08-17 09:59:18 INFO  HomePageTest:37 - Opening Home Page
  2022-08-17 09:59:20 INFO  HomePageTest:41 - Title Verified Successfully.....
  2022-08-17 09:59:20 INFO  HomePageTest:42 - ****** ending test case ******
  2022-08-17 09:59:20 INFO  HomePageTest:57 - browser is closed
  2022-08-17 09:59:20 INFO  HomePageTest:25 - ****** Starting test cases execution  *******
  2022-08-17 09:59:21 INFO  BaseClass:49 - Lunching Chrome Browser....
  2022-08-17 09:59:22 INFO  BaseClass:65 - Maximizing Browser....
  2022-08-17 09:59:24 INFO  BaseClass:70 - Opening Application URL....
  2022-08-17 09:59:25 INFO  HomePageTest:29 - ************Login the Application**********************
  2022-08-17 09:59:25 INFO  HomePageTest:30 - Open Home Page
  2022-08-17 09:59:25 INFO  HomePageTest:47 - ****** starting test case ******
  2022-08-17 09:59:25 INFO  HomePageTest:48 - ******* verifyUserNameTest ******
  2022-08-17 09:59:25 INFO  HomePageTest:50 - UserName Verified Successfully.....
  2022-08-17 09:59:25 INFO  HomePageTest:51 - ****** ending test case ******
  2022-08-17 09:59:25 INFO  HomePageTest:57 - browser is closed
  2022-08-17 09:59:26 INFO  BaseClass:49 - Lunching Chrome Browser....
  2022-08-17 09:59:26 INFO  BaseClass:65 - Maximizing Browser....
  2022-08-17 09:59:31 INFO  BaseClass:70 - Opening Application URL....
  2022-08-17 09:59:36 INFO  BaseClass:24 - ******** Starting test cases execution  *********
  2022-08-17 09:59:36 INFO  BaseClass:49 - Lunching Chrome Browser....
  2022-08-17 09:59:37 INFO  BaseClass:65 - Maximizing Browser....
  2022-08-17 09:59:39 INFO  BaseClass:70 - Opening Application URL....
  2022-08-17 09:59:39 INFO  BaseClass:24 - ******** Starting test cases execution  *********
  2022-08-17 09:59:39 INFO  BaseClass:49 - Lunching Chrome Browser....
  2022-08-17 09:59:40 INFO  BaseClass:65 - Maximizing Browser....
  2022-08-17 09:59:43 INFO  BaseClass:70 - Opening Application URL....
  2022-08-17 09:59:45 INFO  LoginPageTest:27 - ******** Starting test cases execution  *********
  2022-08-17 09:59:46 INFO  BaseClass:49 - Lunching Chrome Browser....
  2022-08-17 09:59:46 INFO  BaseClass:65 - Maximizing Browser....
  2022-08-17 09:59:54 INFO  BaseClass:70 - Opening Application URL....
  2022-08-17 10:00:18 INFO  LoginPageTest:56 - login successful with username: ajaylad112211@gmail.com
  2022-08-17 10:00:20 INFO  LoginPageTest:62 - browser is closed
  2022-08-17 10:00:20 INFO  LoginPageTest:27 - ******** Starting test cases execution  *********
  2022-08-17 10:00:20 INFO  BaseClass:49 - Lunching Chrome Browser....
  2022-08-17 10:00:21 INFO  BaseClass:65 - Maximizing Browser....
  2022-08-17 10:00:27 INFO  BaseClass:70 - Opening Application URL....
  2022-08-17 10:00:31 INFO  LoginPageTest:56 - login successful with username: ajaylad@gmail.com
  2022-08-17 10:00:32 INFO  LoginPageTest:62 - browser is closed
  2022-08-17 10:00:32 INFO  LoginPageTest:27 - ******** Starting test cases execution  *********
  2022-08-17 10:00:33 INFO  BaseClass:49 - Lunching Chrome Browser....
  2022-08-17 10:00:33 INFO  BaseClass:65 - Maximizing Browser....
  2022-08-17 10:00:38 INFO  BaseClass:70 - Opening Application URL....
  2022-08-17 10:00:42 INFO  LoginPageTest:56 - login successful with username: ajay@1451gmail.com
  2022-08-17 10:00:42 INFO  LoginPageTest:62 - browser is closed
  2022-08-17 10:00:42 INFO  LoginPageTest:27 - ******** Starting test cases execution  *********
  2022-08-17 10:00:43 INFO  BaseClass:49 - Lunching Chrome Browser....
  2022-08-17 10:00:43 INFO  BaseClass:65 - Maximizing Browser....
  2022-08-17 10:00:47 INFO  BaseClass:70 - Opening Application URL....
  2022-08-17 10:00:47 INFO  LoginPageTest:62 - browser is closed
  2022-08-17 10:00:47 INFO  LoginPageTest:27 - ******** Starting test cases execution  *********
  2022-08-17 10:00:48 INFO  BaseClass:49 - Lunching Chrome Browser....
  2022-08-17 10:00:48 INFO  BaseClass:65 - Maximizing Browser....
  2022-08-17 10:00:50 INFO  BaseClass:70 - Opening Application URL....
  2022-08-17 10:00:51 INFO  LoginPageTest:43 - login successful with username and Password
  2022-08-17 10:00:52 INFO  LoginPageTest:62 - browser is closed
  2022-08-17 10:00:52 INFO  BaseClass:24 - ******** Starting test cases execution  *********
  2022-08-17 10:00:52 INFO  BaseClass:49 - Lunching Chrome Browser....
  2022-08-17 10:00:53 INFO  BaseClass:65 - Maximizing Browser....
  2022-08-17 10:00:58 INFO  BaseClass:70 - Opening Application URL....
  2022-08-17 10:00:58 INFO  BaseClass:44 - browser is closed
  2022-08-17 10:00:58 INFO  BaseClass:24 - ******** Starting test cases execution  *********
  2022-08-17 10:00:59 INFO  BaseClass:49 - Lunching Chrome Browser....
  2022-08-17 10:00:59 INFO  BaseClass:65 - Maximizing Browser....
  2022-08-17 10:01:03 INFO  BaseClass:70 - Opening Application URL....
  2022-08-17 10:01:04 INFO  BaseClass:44 - browser is closed
  